2021-03-01 20:18:54 INFO [root] [test_address.py (setup:13] - 正在获取driver对象
2021-03-01 20:18:58 INFO [root] [base_action.py (base_click:26] - 正在点击('id', 'nav-link-yourAccount')
2021-03-01 20:18:58 INFO [root] [base_action.py (base_find_element:18] - 正在查找('id', 'nav-link-yourAccount')
2021-03-01 20:18:58 INFO [root] [base_action.py (base_click:28] - 点击('id', 'nav-link-yourAccount')完成
2021-03-01 20:18:58 INFO [root] [base_action.py (base_input:31] - 正在查找('id', 'ap_email')
2021-03-01 20:18:58 INFO [root] [base_action.py (base_find_element:18] - 正在查找('id', 'ap_email')
2021-03-01 20:18:59 INFO [root] [base_action.py (base_click:26] - 正在点击('id', 'continue')
2021-03-01 20:18:59 INFO [root] [base_action.py (base_find_element:18] - 正在查找('id', 'continue')
2021-03-01 20:18:59 INFO [root] [base_action.py (base_click:28] - 点击('id', 'continue')完成
2021-03-01 20:18:59 INFO [root] [base_action.py (base_input:31] - 正在查找('id', 'ap_password')
2021-03-01 20:18:59 INFO [root] [base_action.py (base_find_element:18] - 正在查找('id', 'ap_password')
2021-03-01 20:19:02 INFO [root] [base_action.py (base_click:26] - 正在点击('id', 'signInSubmit')
2021-03-01 20:19:02 INFO [root] [base_action.py (base_find_element:18] - 正在查找('id', 'signInSubmit')
2021-03-01 20:19:04 INFO [root] [base_action.py (base_click:28] - 点击('id', 'signInSubmit')完成
2021-03-01 20:19:04 INFO [root] [base_action.py (base_click:26] - 正在点击('css selector', '.nav-a.nav-a-2.nav-truncate')
2021-03-01 20:19:04 INFO [root] [base_action.py (base_find_element:18] - 正在查找('css selector', '.nav-a.nav-a-2.nav-truncate')
2021-03-01 20:19:04 INFO [root] [base_action.py (base_click:28] - 点击('css selector', '.nav-a.nav-a-2.nav-truncate')完成
2021-03-01 20:19:04 INFO [root] [base_action.py (base_click:26] - 正在点击('xpath', "(//*[@class='ya-card__whole-card-link'])[4]")
2021-03-01 20:19:04 INFO [root] [base_action.py (base_find_element:18] - 正在查找('xpath', "(//*[@class='ya-card__whole-card-link'])[4]")
2021-03-01 20:19:05 INFO [root] [base_action.py (base_click:28] - 点击('xpath', "(//*[@class='ya-card__whole-card-link'])[4]")完成
2021-03-01 20:19:05 INFO [root] [base_action.py (base_find_element:18] - 正在查找('css selector', '.a-box.a-spacing-none')
2021-03-01 20:19:06 INFO [root] [base_action.py (base_if_exist:48] - 正在查找是否存在('css selector', '.a-box.a-spacing-none')
2021-03-01 20:19:06 INFO [root] [test_address.py (test_address:29] - 有地址
2021-03-01 20:19:06 INFO [root] [test_address.py (teardown:18] - 关闭浏览器
2021-03-01 20:19:10 INFO [root] [base_action.py (base_click:26] - 正在点击('id', 'nav-link-yourAccount')
2021-03-01 20:19:10 INFO [root] [base_action.py (base_find_element:18] - 正在查找('id', 'nav-link-yourAccount')
2021-03-01 20:19:10 INFO [root] [base_action.py (base_click:28] - 点击('id', 'nav-link-yourAccount')完成
2021-03-01 20:19:10 INFO [root] [base_action.py (base_input:31] - 正在查找('id', 'ap_email')
2021-03-01 20:19:10 INFO [root] [base_action.py (base_find_element:18] - 正在查找('id', 'ap_email')
2021-03-01 20:19:11 INFO [root] [base_action.py (base_click:26] - 正在点击('id', 'continue')
2021-03-01 20:19:11 INFO [root] [base_action.py (base_find_element:18] - 正在查找('id', 'continue')
2021-03-01 20:19:11 INFO [root] [base_action.py (base_click:28] - 点击('id', 'continue')完成
2021-03-01 20:19:11 INFO [root] [base_action.py (base_input:31] - 正在查找('id', 'ap_password')
2021-03-01 20:19:11 INFO [root] [base_action.py (base_find_element:18] - 正在查找('id', 'ap_password')
2021-03-01 20:19:14 INFO [root] [base_action.py (base_click:26] - 正在点击('id', 'signInSubmit')
2021-03-01 20:19:14 INFO [root] [base_action.py (base_find_element:18] - 正在查找('id', 'signInSubmit')
2021-03-01 20:19:16 INFO [root] [base_action.py (base_click:28] - 点击('id', 'signInSubmit')完成
2021-03-01 20:19:16 INFO [root] [base_action.py (base_input:31] - 正在查找('id', 'twotabsearchtextbox')
2021-03-01 20:19:16 INFO [root] [base_action.py (base_find_element:18] - 正在查找('id', 'twotabsearchtextbox')
2021-03-01 20:19:17 INFO [root] [base_action.py (base_click:26] - 正在点击('css selector', '.nav-input')
2021-03-01 20:19:17 INFO [root] [base_action.py (base_find_element:18] - 正在查找('css selector', '.nav-input')
2021-03-01 20:19:18 INFO [root] [base_action.py (base_click:28] - 点击('css selector', '.nav-input')完成
2021-03-01 20:19:18 INFO [root] [base_action.py (base_click_random_item:77] - 正在点击任意一个item
2021-03-01 20:19:18 INFO [root] [base_action.py (base_find_elements:22] - 正在查找列表('css selector', '.a-section.aok-relative')
2021-03-01 20:19:18 INFO [root] [base_action.py (base_click_random_item:84] - 任意一个item已经点击完成
2021-03-01 20:19:18 INFO [root] [page_search_result.py (page_click_goods:13] - 点击商品完成
2021-03-01 20:19:18 INFO [root] [page_search_result.py (page_switch_handle:17] - 切换之前title是:亚马逊 : skii
2021-03-01 20:19:18 INFO [root] [base_action.py (base_switch_to_handle:74] - 完成切换handle
2021-03-01 20:19:19 INFO [root] [page_search_result.py (page_switch_handle:19] - 切换之后title是:SK-II 水彩纸 美人鱼 No.220 八切 10张 3322080: 亚马逊中国: 办公用品
2021-03-01 20:19:21 INFO [root] [base_action.py (base_click:26] - 正在点击('css selector', '#add-to-cart-button')
2021-03-01 20:19:21 INFO [root] [base_action.py (base_find_element:18] - 正在查找('css selector', '#add-to-cart-button')
2021-03-01 20:19:23 INFO [root] [base_action.py (base_click:28] - 点击('css selector', '#add-to-cart-button')完成
2021-03-01 20:19:23 INFO [root] [base_action.py (base_get_text:37] - 正在获取('css selector', '.a-size-medium.a-text-bold')的文本
2021-03-01 20:19:23 INFO [root] [base_action.py (base_find_element:18] - 正在查找('css selector', '.a-size-medium.a-text-bold')
2021-03-01 20:19:27 INFO [root] [base_action.py (base_click:26] - 正在点击('id', 'nav-link-yourAccount')
2021-03-01 20:19:27 INFO [root] [base_action.py (base_find_element:18] - 正在查找('id', 'nav-link-yourAccount')
2021-03-01 20:19:28 INFO [root] [base_action.py (base_click:28] - 点击('id', 'nav-link-yourAccount')完成
2021-03-01 20:19:28 INFO [root] [base_action.py (base_input:31] - 正在查找('id', 'ap_email')
2021-03-01 20:19:28 INFO [root] [base_action.py (base_find_element:18] - 正在查找('id', 'ap_email')
2021-03-01 20:19:28 INFO [root] [base_action.py (base_click:26] - 正在点击('id', 'continue')
2021-03-01 20:19:28 INFO [root] [base_action.py (base_find_element:18] - 正在查找('id', 'continue')
2021-03-01 20:19:29 INFO [root] [base_action.py (base_click:28] - 点击('id', 'continue')完成
2021-03-01 20:19:29 INFO [root] [base_action.py (base_input:31] - 正在查找('id', 'ap_password')
2021-03-01 20:19:29 INFO [root] [base_action.py (base_find_element:18] - 正在查找('id', 'ap_password')
2021-03-01 20:19:32 INFO [root] [base_action.py (base_click:26] - 正在点击('id', 'signInSubmit')
2021-03-01 20:19:32 INFO [root] [base_action.py (base_find_element:18] - 正在查找('id', 'signInSubmit')
2021-03-01 20:19:34 INFO [root] [base_action.py (base_click:28] - 点击('id', 'signInSubmit')完成
2021-03-01 20:19:34 INFO [root] [base_action.py (base_click:26] - 正在点击('id', 'nav-cart')
2021-03-01 20:19:34 INFO [root] [base_action.py (base_find_element:18] - 正在查找('id', 'nav-cart')
2021-03-01 20:19:34 INFO [root] [base_action.py (base_click:28] - 点击('id', 'nav-cart')完成
2021-03-01 20:19:34 INFO [root] [base_action.py (base_find_element:18] - 正在查找('id', 'select-all')
2021-03-01 20:19:35 INFO [root] [base_action.py (base_if_exist:48] - 正在查找是否存在('id', 'select-all')
2021-03-01 20:19:35 INFO [root] [base_action.py (base_click:26] - 正在点击('id', 'select-all')
2021-03-01 20:19:35 INFO [root] [base_action.py (base_find_element:18] - 正在查找('id', 'select-all')
2021-03-01 20:19:35 INFO [root] [base_action.py (base_click:28] - 点击('id', 'select-all')完成
2021-03-01 20:19:35 INFO [root] [page_cart.py (page_if_check_all:34] - 现在已经全部选中了
2021-03-01 20:19:37 INFO [root] [base_action.py (base_find_elements:22] - 正在查找列表('css selector', '.a-size-medium.a-color-base.sc-price.sc-white-space-nowrap.sc-product-price')
2021-03-01 20:19:37 INFO [root] [base_action.py (base_find_elements:22] - 正在查找列表('css selector', '.a-dropdown-prompt')
2021-03-01 20:19:37 ERROR [root] [test_cart.py (test_total_price:48] - error出现了：list index out of range
2021-03-01 20:19:41 INFO [root] [base_action.py (base_click:26] - 正在点击('id', 'nav-link-yourAccount')
2021-03-01 20:19:41 INFO [root] [base_action.py (base_find_element:18] - 正在查找('id', 'nav-link-yourAccount')
2021-03-01 20:19:42 INFO [root] [base_action.py (base_click:28] - 点击('id', 'nav-link-yourAccount')完成
2021-03-01 20:19:42 INFO [root] [base_action.py (base_input:31] - 正在查找('id', 'ap_email')
2021-03-01 20:19:42 INFO [root] [base_action.py (base_find_element:18] - 正在查找('id', 'ap_email')
2021-03-01 20:19:42 INFO [root] [base_action.py (base_click:26] - 正在点击('id', 'continue')
2021-03-01 20:19:42 INFO [root] [base_action.py (base_find_element:18] - 正在查找('id', 'continue')
2021-03-01 20:19:43 INFO [root] [base_action.py (base_click:28] - 点击('id', 'continue')完成
2021-03-01 20:19:43 INFO [root] [base_action.py (base_input:31] - 正在查找('id', 'ap_password')
2021-03-01 20:19:43 INFO [root] [base_action.py (base_find_element:18] - 正在查找('id', 'ap_password')
2021-03-01 20:19:46 INFO [root] [base_action.py (base_click:26] - 正在点击('id', 'signInSubmit')
2021-03-01 20:19:46 INFO [root] [base_action.py (base_find_element:18] - 正在查找('id', 'signInSubmit')
2021-03-01 20:19:48 INFO [root] [base_action.py (base_click:28] - 点击('id', 'signInSubmit')完成
2021-03-01 20:19:48 INFO [root] [base_action.py (base_click:26] - 正在点击('id', 'nav-cart')
2021-03-01 20:19:48 INFO [root] [base_action.py (base_find_element:18] - 正在查找('id', 'nav-cart')
2021-03-01 20:19:48 INFO [root] [base_action.py (base_click:28] - 点击('id', 'nav-cart')完成
2021-03-01 20:19:48 INFO [root] [base_action.py (base_find_element:18] - 正在查找('id', 'select-all')
2021-03-01 20:20:01 INFO [root] [base_action.py (base_find_elements:22] - 正在查找列表('css selector', '.a-size-medium.a-color-base.sc-price.sc-white-space-nowrap.sc-product-price')
2021-03-01 20:20:01 INFO [root] [base_action.py (base_find_elements:22] - 正在查找列表('css selector', '.a-dropdown-prompt')
2021-03-01 20:20:01 INFO [root] [base_action.py (base_click_random_item:77] - 正在点击任意一个item
2021-03-01 20:20:01 INFO [root] [base_action.py (base_find_elements:22] - 正在查找列表('xpath', "//input[@type='checkbox']")
2021-03-01 20:20:01 INFO [root] [base_action.py (base_click_random_item:84] - 任意一个item已经点击完成
2021-03-01 20:20:06 INFO [root] [base_action.py (base_find_elements:22] - 正在查找列表('xpath', "//input[@type='checkbox']")
2021-03-01 20:20:06 INFO [root] [page_cart.py (page_calculate_part_total_price:50] - checkbox总量9
2021-03-01 20:20:06 INFO [root] [page_cart.py (page_calculate_part_total_price:57] - 第0个checkbox没选中
2021-03-01 20:20:06 INFO [root] [page_cart.py (page_calculate_part_total_price:53] - 第1个checkbox选中了
2021-03-01 20:20:06 INFO [root] [page_cart.py (page_calculate_part_total_price:53] - 第2个checkbox选中了
2021-03-01 20:20:06 INFO [root] [page_cart.py (page_calculate_part_total_price:53] - 第3个checkbox选中了
2021-03-01 20:20:06 INFO [root] [page_cart.py (page_calculate_part_total_price:53] - 第4个checkbox选中了
2021-03-01 20:20:06 INFO [root] [page_cart.py (page_calculate_part_total_price:53] - 第5个checkbox选中了
2021-03-01 20:20:06 INFO [root] [page_cart.py (page_calculate_part_total_price:53] - 第6个checkbox选中了
2021-03-01 20:20:06 INFO [root] [page_cart.py (page_calculate_part_total_price:53] - 第7个checkbox选中了
2021-03-01 20:20:06 INFO [root] [page_cart.py (page_calculate_part_total_price:53] - 第8个checkbox选中了
2021-03-01 20:20:28 INFO [root] [test_login.py (test_login:26] - 点击登录链接
2021-03-01 20:20:28 INFO [root] [base_action.py (base_click:26] - 正在点击('id', 'nav-link-yourAccount')
2021-03-01 20:20:28 INFO [root] [base_action.py (base_find_element:18] - 正在查找('id', 'nav-link-yourAccount')
2021-03-01 20:20:45 INFO [root] [base_action.py (base_click:28] - 点击('id', 'nav-link-yourAccount')完成
2021-03-01 20:20:47 INFO [root] [base_action.py (base_input:31] - 正在查找('id', 'ap_email')
2021-03-01 20:20:47 INFO [root] [base_action.py (base_find_element:18] - 正在查找('id', 'ap_email')
2021-03-01 20:20:47 INFO [root] [base_action.py (base_click:26] - 正在点击('id', 'continue')
2021-03-01 20:20:47 INFO [root] [base_action.py (base_find_element:18] - 正在查找('id', 'continue')
2021-03-01 20:20:47 INFO [root] [base_action.py (base_click:28] - 点击('id', 'continue')完成
2021-03-01 20:20:47 INFO [root] [base_action.py (base_input:31] - 正在查找('id', 'ap_password')
2021-03-01 20:20:47 INFO [root] [base_action.py (base_find_element:18] - 正在查找('id', 'ap_password')
2021-03-01 20:21:17 INFO [root] [base_action.py (base_find_elements:22] - 正在查找列表('css selector', '.a-alert-content')
2021-03-01 20:21:17 INFO [root] [test_login.py (teardown:21] - 完成测试
2021-03-01 20:22:37 INFO [root] [test_login.py (test_login:26] - 点击登录链接
2021-03-01 20:22:37 INFO [root] [base_action.py (base_click:26] - 正在点击('id', 'nav-link-yourAccount')
2021-03-01 20:22:37 INFO [root] [base_action.py (base_find_element:18] - 正在查找('id', 'nav-link-yourAccount')
2021-03-01 20:22:37 INFO [root] [base_action.py (base_click:28] - 点击('id', 'nav-link-yourAccount')完成
2021-03-01 20:22:39 INFO [root] [base_action.py (base_input:31] - 正在查找('id', 'ap_email')
2021-03-01 20:22:39 INFO [root] [base_action.py (base_find_element:18] - 正在查找('id', 'ap_email')
2021-03-01 20:22:39 INFO [root] [base_action.py (base_click:26] - 正在点击('id', 'continue')
2021-03-01 20:22:39 INFO [root] [base_action.py (base_find_element:18] - 正在查找('id', 'continue')
2021-03-01 20:22:39 INFO [root] [base_action.py (base_click:28] - 点击('id', 'continue')完成
2021-03-01 20:22:39 INFO [root] [base_action.py (base_input:31] - 正在查找('id', 'ap_password')
2021-03-01 20:22:39 INFO [root] [base_action.py (base_find_element:18] - 正在查找('id', 'ap_password')
2021-03-01 20:23:10 INFO [root] [base_action.py (base_find_elements:22] - 正在查找列表('css selector', '.a-alert-content')
2021-03-01 20:23:10 INFO [root] [test_login.py (teardown:21] - 完成测试
2021-03-01 20:23:14 INFO [root] [test_login.py (test_login:26] - 点击登录链接
2021-03-01 20:23:14 INFO [root] [base_action.py (base_click:26] - 正在点击('id', 'nav-link-yourAccount')
2021-03-01 20:23:14 INFO [root] [base_action.py (base_find_element:18] - 正在查找('id', 'nav-link-yourAccount')
2021-03-01 20:23:15 INFO [root] [base_action.py (base_click:28] - 点击('id', 'nav-link-yourAccount')完成
2021-03-01 20:23:17 INFO [root] [base_action.py (base_input:31] - 正在查找('id', 'ap_email')
2021-03-01 20:23:17 INFO [root] [base_action.py (base_find_element:18] - 正在查找('id', 'ap_email')
2021-03-01 20:23:17 INFO [root] [base_action.py (base_click:26] - 正在点击('id', 'continue')
2021-03-01 20:23:17 INFO [root] [base_action.py (base_find_element:18] - 正在查找('id', 'continue')
2021-03-01 20:23:18 INFO [root] [base_action.py (base_click:28] - 点击('id', 'continue')完成
2021-03-01 20:23:18 INFO [root] [base_action.py (base_input:31] - 正在查找('id', 'ap_password')
2021-03-01 20:23:18 INFO [root] [base_action.py (base_find_element:18] - 正在查找('id', 'ap_password')
2021-03-01 20:23:21 INFO [root] [base_action.py (base_click:26] - 正在点击('id', 'signInSubmit')
2021-03-01 20:23:21 INFO [root] [base_action.py (base_find_element:18] - 正在查找('id', 'signInSubmit')
2021-03-01 20:23:21 INFO [root] [base_action.py (base_click:28] - 点击('id', 'signInSubmit')完成
2021-03-01 20:23:21 INFO [root] [test_login.py (teardown:21] - 完成测试
2021-03-01 20:23:25 INFO [root] [test_login.py (test_login:26] - 点击登录链接
2021-03-01 20:23:25 INFO [root] [base_action.py (base_click:26] - 正在点击('id', 'nav-link-yourAccount')
2021-03-01 20:23:25 INFO [root] [base_action.py (base_find_element:18] - 正在查找('id', 'nav-link-yourAccount')
2021-03-01 20:23:26 INFO [root] [base_action.py (base_click:28] - 点击('id', 'nav-link-yourAccount')完成
2021-03-01 20:23:28 INFO [root] [base_action.py (base_input:31] - 正在查找('id', 'ap_email')
2021-03-01 20:23:28 INFO [root] [base_action.py (base_find_element:18] - 正在查找('id', 'ap_email')
2021-03-01 20:23:28 INFO [root] [base_action.py (base_click:26] - 正在点击('id', 'continue')
2021-03-01 20:23:28 INFO [root] [base_action.py (base_find_element:18] - 正在查找('id', 'continue')
2021-03-01 20:23:29 INFO [root] [base_action.py (base_click:28] - 点击('id', 'continue')完成
2021-03-01 20:23:29 INFO [root] [base_action.py (base_input:31] - 正在查找('id', 'ap_password')
2021-03-01 20:23:29 INFO [root] [base_action.py (base_find_element:18] - 正在查找('id', 'ap_password')
2021-03-01 20:23:32 INFO [root] [base_action.py (base_click:26] - 正在点击('id', 'signInSubmit')
2021-03-01 20:23:32 INFO [root] [base_action.py (base_find_element:18] - 正在查找('id', 'signInSubmit')
2021-03-01 20:23:33 INFO [root] [base_action.py (base_click:28] - 点击('id', 'signInSubmit')完成
2021-03-01 20:23:33 INFO [root] [test_login.py (teardown:21] - 完成测试
2021-03-01 20:23:37 INFO [root] [test_login.py (test_login:26] - 点击登录链接
2021-03-01 20:23:37 INFO [root] [base_action.py (base_click:26] - 正在点击('id', 'nav-link-yourAccount')
2021-03-01 20:23:37 INFO [root] [base_action.py (base_find_element:18] - 正在查找('id', 'nav-link-yourAccount')
2021-03-01 20:23:37 INFO [root] [base_action.py (base_click:28] - 点击('id', 'nav-link-yourAccount')完成
2021-03-01 20:23:39 INFO [root] [base_action.py (base_input:31] - 正在查找('id', 'ap_email')
2021-03-01 20:23:39 INFO [root] [base_action.py (base_find_element:18] - 正在查找('id', 'ap_email')
2021-03-01 20:23:39 INFO [root] [base_action.py (base_click:26] - 正在点击('id', 'continue')
2021-03-01 20:23:39 INFO [root] [base_action.py (base_find_element:18] - 正在查找('id', 'continue')
2021-03-01 20:23:41 INFO [root] [base_action.py (base_click:28] - 点击('id', 'continue')完成
2021-03-01 20:23:41 INFO [root] [base_action.py (base_input:31] - 正在查找('id', 'ap_password')
2021-03-01 20:23:41 INFO [root] [base_action.py (base_find_element:18] - 正在查找('id', 'ap_password')
2021-03-01 20:23:44 INFO [root] [base_action.py (base_click:26] - 正在点击('id', 'signInSubmit')
2021-03-01 20:23:44 INFO [root] [base_action.py (base_find_element:18] - 正在查找('id', 'signInSubmit')
2021-03-01 20:23:45 INFO [root] [base_action.py (base_click:28] - 点击('id', 'signInSubmit')完成
2021-03-01 20:23:45 INFO [root] [test_login.py (teardown:21] - 完成测试
